(R) Poe Dameron
(R) Jocasta Nu
(R) Grievous
(R) Cliegg Lars
(R) Sebulba
(R) Palpatine
(R) Lobot
(R) Mas Amedda
(R) Wedge Antilles
[0]  ## Adi Gallia ## 184 ## 50.0 ## none ## dark ## blue ## unknown ## female ## Coruscant ## 
[1]  ## Arvel Crynyd ## 0 ## 0.0 ## brown ## fair ## brown ## unknown ## male ## unknown ## 
[2]  ## Ayla Secura ## 178 ## 55.0 ## none ## blue ## hazel ## 48BBY ## female ## Ryloth ## 
[3]  ## BB8 ## 0 ## 0.0 ## none ## none ## black ## unknown ## none ## unknown ## 
[4]  ## Barriss Offee ## 166 ## 50.0 ## black ## yellow ## blue ## 40BBY ## female ## Mirial ## 
[5]  ## Beru Whitesun lars ## 165 ## 75.0 ## brown ## light ## blue ## 47BBY ## female ## Tatooine ## 
[6]  ## Boba Fett ## 183 ## 78.0 ## black ## fair ## brown ## 31.5BBY ## male ## Kamino ## 
[7]  ## C-3PO ## 167 ## 75.0 ## n/a ## gold ## yellow ## 112BBY ## n/a ## Tatooine ## 
[8]  ## Dooku ## 193 ## 80.0 ## white ## fair ## brown ## 102BBY ## male ## Serenno ## 
[9]  ## Gasgano ## 122 ## 0.0 ## none ## white, blue ## black ## unknown ## male ## Troiken ## 
[10]  ## Han Solo ## 180 ## 80.0 ## brown ## fair ## brown ## 29BBY ## male ## Corellia ## 
[11]  ## Jango Fett ## 183 ## 79.0 ## black ## tan ## brown ## 66BBY ## male ## Concord Dawn ## 
[12]  ## Lama Su ## 229 ## 88.0 ## none ## grey ## black ## unknown ## male ## Kamino ## 
[13]  ## Lando Calrissian ## 177 ## 79.0 ## black ## dark ## brown ## 31BBY ## male ## Socorro ## 
[14]  ## Mace Windu ## 188 ## 84.0 ## none ## dark ## brown ## 72BBY ## male ## Haruun Kal ## 
[15]  ## Mon Mothma ## 150 ## 0.0 ## auburn ## fair ## blue ## 48BBY ## female ## Chandrila ## 
[16]  ## Owen Lars ## 178 ## 120.0 ## brown, grey ## light ## blue ## 52BBY ## male ## Tatooine ## 
[17]  ## Poggle the Lesser ## 183 ## 80.0 ## none ## green ## yellow ## unknown ## male ## Geonosis ## 
[18]  ## Quarsh Panaka ## 183 ## 0.0 ## black ## dark ## brown ## 62BBY ## male ## Naboo ## 
[19]  ## R2-D2 ## 96 ## 32.0 ## n/a ## white, blue ## red ## 33BBY ## n/a ## Naboo ## 
[20]  ## Raymus Antilles ## 188 ## 79.0 ## brown ## light ## brown ## unknown ## male ## Alderaan ## 
[21]  ## Roos Tarpals ## 224 ## 82.0 ## none ## grey ## orange ## unknown ## male ## Naboo ## 
[22]  ## Saesee Tiin ## 188 ## 0.0 ## none ## pale ## orange ## unknown ## male ## Iktotch ## 
[23]  ## San Hill ## 191 ## 0.0 ## none ## grey ## gold ## unknown ## male ## Muunilinst ## 
[24]  ## Sly Moore ## 178 ## 48.0 ## none ## pale ## white ## unknown ## female ## Umbara ## 
[25]  ## Taun We ## 213 ## 0.0 ## none ## grey ## black ## unknown ## female ## Kamino ## 
[26]  ## Watto ## 137 ## 0.0 ## black ## blue, grey ## yellow ## unknown ## male ## Toydaria ## 
[27]  ## Wicket Systri Warrick ## 88 ## 20.0 ## brown ## brown ## brown ## 8BBY ## male ## Endor ## 
[28]  ## Zam Wesell ## 168 ## 55.0 ## blonde ## fair, green, yellow ## yellow ## unknown ## female ## Zolan ## 
[29]  ## Ackbar ## 180 ## 83.0 ## none ## brown mottle ## orange ## 41BBY ## male ## Mon Cala ## 
[30]  ## Finn ## 0 ## 0.0 ## black ## dark ## dark ## unknown ## male ## unknown ## 
[31]  ## Bib Fortuna ## 180 ## 0.0 ## none ## pale ## pink ## unknown ## male ## Ryloth ## 
[32]  ## Jar Jar Binks ## 196 ## 66.0 ## none ## orange ## orange ## 52BBY ## male ## Naboo ## 
[33]  ## Dud Bolt ## 94 ## 45.0 ## none ## blue, grey ## yellow ## unknown ## male ## Vulpter ## 
[34]  ## Kit Fisto ## 196 ## 87.0 ## none ## green ## black ## unknown ## male ## Glee Anselm ## 
[35]  ## Dexter Jettster ## 198 ## 102.0 ## none ## brown ## yellow ## unknown ## male ## Ojom ## 
[36]  ## Eeth Koth ## 171 ## 0.0 ## black ## brown ## brown ## unknown ## male ## Iridonia ## 
[37]  ## R4-P17 ## 96 ## 0.0 ## none ## silver, red ## red, blue ## unknown ## female ## unknown ## 
[38]  ## R5-D4 ## 97 ## 32.0 ## n/a ## white, red ## red ## unknown ## n/a ## Tatooine ## 
[39]  ## Tion Medon ## 206 ## 80.0 ## none ## grey ## black ## unknown ## male ## Utapau ## 
[40]  ## Rey ## 0 ## 0.0 ## brown ## light ## hazel ## unknown ## female ## unknown ## 
[41]  ## Tarfful ## 234 ## 136.0 ## brown ## brown ## blue ## unknown ## male ## Kashyyyk ## 
