 ## Arvel Crynyd ## 0 ## 0.0 ## brown ## fair ## brown ## unknown ## male ## unknown ## 
 ## Cordé ## 157 ## 0.0 ## brown ## light ## brown ## unknown ## female ## Naboo ## 
 ## Dormé ## 165 ## 0.0 ## brown ## light ## brown ## unknown ## female ## Naboo ## 
 ## Eeth Koth ## 171 ## 0.0 ## black ## brown ## brown ## unknown ## male ## Iridonia ## 
 ## Finn ## 0 ## 0.0 ## black ## dark ## dark ## unknown ## male ## unknown ## 
 ## Poe Dameron ## 0 ## 0.0 ## brown ## light ## brown ## unknown ## male ## unknown ## 
 ## Quarsh Panaka ## 183 ## 0.0 ## black ## dark ## brown ## 62BBY ## male ## Naboo ## 
 ## Rey ## 0 ## 0.0 ## brown ## light ## hazel ## unknown ## female ## unknown ## 
 ## Taun We ## 213 ## 0.0 ## none ## grey ## black ## unknown ## female ## Kamino ## 
 ## Watto ## 137 ## 0.0 ## black ## blue, grey ## yellow ## unknown ## male ## Toydaria ## 
 ## Yarael Poof ## 264 ## 0.0 ## none ## white ## yellow ## unknown ## male ## Quermia ## 
 ## Yoda ## 66 ## 17.0 ## white ## green ## brown ## 896BBY ## male ## unknown ## 
 ## R5-D4 ## 97 ## 32.0 ## n/a ## white, red ## red ## unknown ## n/a ## Tatooine ## 
 ## Sebulba ## 112 ## 40.0 ## none ## grey, red ## orange ## unknown ## male ## Malastare ## 
 ## Dud Bolt ## 94 ## 45.0 ## none ## blue, grey ## yellow ## unknown ## male ## Vulpter ## 
 ## Padmé Amidala ## 165 ## 45.0 ## brown ## light ## brown ## 46BBY ## female ## Naboo ## 
 ## Sly Moore ## 178 ## 48.0 ## none ## pale ## white ## unknown ## female ## Umbara ## 
 ## Wat Tambor ## 193 ## 48.0 ## none ## green, grey ## unknown ## unknown ## male ## Skako ## 
 ## Leia Organa ## 150 ## 49.0 ## brown ## light ## brown ## 19BBY ## female ## Alderaan ## 
 ## Adi Gallia ## 184 ## 50.0 ## none ## dark ## blue ## unknown ## female ## Coruscant ## 
 ## Barriss Offee ## 166 ## 50.0 ## black ## yellow ## blue ## 40BBY ## female ## Mirial ## 
 ## Shaak Ti ## 178 ## 57.0 ## none ## red, blue, white ## black ## unknown ## female ## Shili ## 
 ## Beru Whitesun lars ## 165 ## 75.0 ## brown ## light ## blue ## 47BBY ## female ## Tatooine ## 
 ## C-3PO ## 167 ## 75.0 ## n/a ## gold ## yellow ## 112BBY ## n/a ## Tatooine ## 
 ## Palpatine ## 170 ## 75.0 ## grey ## pale ## yellow ## 82BBY ## male ## Naboo ## 
 ## Obi-Wan Kenobi ## 182 ## 77.0 ## auburn, white ## fair ## blue-gray ## 57BBY ## male ## Stewjon ## 
 ## Boba Fett ## 183 ## 78.2 ## black ## fair ## brown ## 31.5BBY ## male ## Kamino ## 
 ## Lando Calrissian ## 177 ## 79.0 ## black ## dark ## brown ## 31BBY ## male ## Socorro ## 
 ## Lobot ## 175 ## 79.0 ## none ## light ## blue ## 37BBY ## male ## Bespin ## 
 ## Darth Maul ## 175 ## 80.0 ## none ## red ## yellow ## 54BBY ## male ## Dathomir ## 
 ## Han Solo ## 180 ## 80.0 ## brown ## fair ## brown ## 29BBY ## male ## Corellia ## 
 ## Plo Koon ## 188 ## 80.0 ## none ## orange ## black ## 22BBY ## male ## Dorin ## 
 ## Poggle the Lesser ## 183 ## 80.0 ## none ## green ## yellow ## unknown ## male ## Geonosis ## 
 ## Tion Medon ## 206 ## 80.0 ## none ## grey ## black ## unknown ## male ## Utapau ## 
 ## Mace Windu ## 188 ## 84.0 ## none ## dark ## brown ## 72BBY ## male ## Haruun Kal ## 
 ## Gregar Typho ## 185 ## 85.0 ## black ## dark ## brown ## unknown ## male ## Naboo ## 
 ## Qui-Gon Jinn ## 193 ## 89.0 ## brown ## fair ## blue ## 92BBY ## male ## unknown ## 
 ## Bossk ## 190 ## 113.0 ## none ## green ## red ## 53BBY ## male ## Trandosha ## 
 ## Darth Vader ## 202 ## 136.0 ## none ## white ## yellow ## 41.9BBY ## male ## Tatooine ## 
 ## Tarfful ## 234 ## 136.0 ## brown ## brown ## blue ## unknown ## male ## Kashyyyk ## 
 ## IG-88 ## 200 ## 140.0 ## none ## metal ## red ## 15BBY ## none ## unknown ## 
