## Ackbar ## 180 ## 83.0 ## none ## brown mottle ## orange ## 41BBY ## male ## Mon Cala ##
## Adi Gallia ## 184 ## 50.0 ## none ## dark ## blue ## unknown ## female ## Coruscant ##
## Anakin Skywalker ## 188 ## 84.0 ## blond ## fair ## blue ## 41.9BBY ## male ## Tatooine ##
## Arvel Crynyd ## 0 ## 0.0 ## brown ## fair ## brown ## unknown ## male ## unknown ##
## Ayla Secura ## 178 ## 55.0 ## none ## blue ## hazel ## 48BBY ## female ## Ryloth ##
## BB8 ## 0 ## 0.0 ## none ## none ## black ## unknown ## none ## unknown ##
## Bail Prestor Organa ## 191 ## 0.0 ## black ## tan ## brown ## 67BBY ## male ## Alderaan ##
## Barriss Offee ## 166 ## 50.0 ## black ## yellow ## blue ## 40BBY ## female ## Mirial ##
## Ben Quadinaros ## 163 ## 65.0 ## none ## grey, green, yellow ## orange ## unknown ## male ## Tund ##
## Beru Whitesun lars ## 165 ## 75.0 ## brown ## light ## blue ## 47BBY ## female ## Tatooine ##
## Bib Fortuna ## 180 ## 0.0 ## none ## pale ## pink ## unknown ## male ## Ryloth ##
## Biggs Darklighter ## 183 ## 84.0 ## black ## light ## brown ## 24BBY ## male ## Tatooine ##
## Boba Fett ## 183 ## 78.2 ## black ## fair ## brown ## 31.5BBY ## male ## Kamino ##
## Bossk ## 190 ## 113.0 ## none ## green ## red ## 53BBY ## male ## Trandosha ##
## C-3PO ## 167 ## 75.0 ## n/a ## gold ## yellow ## 112BBY ## n/a ## Tatooine ##
## Chewbacca ## 228 ## 112.0 ## brown ## unknown ## blue ## 200BBY ## male ## Kashyyyk ##
## Cliegg Lars ## 183 ## 0.0 ## brown ## fair ## blue ## 82BBY ## male ## Tatooine ##
## Cordé ## 157 ## 0.0 ## brown ## light ## brown ## unknown ## female ## Naboo ##
## Darth Maul ## 175 ## 80.0 ## none ## red ## yellow ## 54BBY ## male ## Dathomir ##
## Darth Vader ## 202 ## 136.0 ## none ## white ## yellow ## 41.9BBY ## male ## Tatooine ##
## Dexter Jettster ## 198 ## 102.0 ## none ## brown ## yellow ## unknown ## male ## Ojom ##
## Dooku ## 193 ## 80.0 ## white ## fair ## brown ## 102BBY ## male ## Serenno ##
## Dormé ## 165 ## 0.0 ## brown ## light ## brown ## unknown ## female ## Naboo ##
## Dud Bolt ## 94 ## 45.0 ## none ## blue, grey ## yellow ## unknown ## male ## Vulpter ##
## Eeth Koth ## 171 ## 0.0 ## black ## brown ## brown ## unknown ## male ## Iridonia ##
## Finis Valorum ## 170 ## 0.0 ## blond ## fair ## blue ## 91BBY ## male ## Coruscant ##
## Finn ## 0 ## 0.0 ## black ## dark ## dark ## unknown ## male ## unknown ##
## Gasgano ## 122 ## 0.0 ## none ## white, blue ## black ## unknown ## male ## Troiken ##
## Greedo ## 173 ## 74.0 ## n/a ## green ## black ## 44BBY ## male ## Rodia ##
## Gregar Typho ## 185 ## 85.0 ## black ## dark ## brown ## unknown ## male ## Naboo ##
## Grievous ## 216 ## 159.0 ## none ## brown, white ## green, yellow ## unknown ## male ## Kalee ##
## Han Solo ## 180 ## 80.0 ## brown ## fair ## brown ## 29BBY ## male ## Corellia ##
## IG-88 ## 200 ## 140.0 ## none ## metal ## red ## 15BBY ## none ## unknown ##
## Jabba Desilijic Tiure ## 175 ## 1.358 ## n/a ## green-tan, brown ## orange ## 600BBY ## hermaphrodite ## Nal Hutta ##
## Jango Fett ## 183 ## 79.0 ## black ## tan ## brown ## 66BBY ## male ## Concord Dawn ##
## Jar Jar Binks ## 196 ## 66.0 ## none ## orange ## orange ## 52BBY ## male ## Naboo ##
## Jek Tono Porkins ## 180 ## 110.0 ## brown ## fair ## blue ## unknown ## male ## Bestine IV ##
## Jocasta Nu ## 167 ## 0.0 ## white ## fair ## blue ## unknown ## female ## Coruscant ##
## Ki-Adi-Mundi ## 198 ## 82.0 ## white ## pale ## yellow ## 92BBY ## male ## Cerea ##
## Kit Fisto ## 196 ## 87.0 ## none ## green ## black ## unknown ## male ## Glee Anselm ##
## Lama Su ## 229 ## 88.0 ## none ## grey ## black ## unknown ## male ## Kamino ##
## Lando Calrissian ## 177 ## 79.0 ## black ## dark ## brown ## 31BBY ## male ## Socorro ##
## Leia Organa ## 150 ## 49.0 ## brown ## light ## brown ## 19BBY ## female ## Alderaan ##
## Lobot ## 175 ## 79.0 ## none ## light ## blue ## 37BBY ## male ## Bespin ##
## Luke Skywalker ## 172 ## 77.0 ## blond ## fair ## blue ## 19BBY ## male ## Tatooine ##
## Luminara Unduli ## 170 ## 56.2 ## black ## yellow ## blue ## 58BBY ## female ## Mirial ##
## Mace Windu ## 188 ## 84.0 ## none ## dark ## brown ## 72BBY ## male ## Haruun Kal ##
## Mas Amedda ## 196 ## 0.0 ## none ## blue ## blue ## unknown ## male ## Champala ##
## Mon Mothma ## 150 ## 0.0 ## auburn ## fair ## blue ## 48BBY ## female ## Chandrila ##
## Nien Nunb ## 160 ## 68.0 ## none ## grey ## black ## unknown ## male ## Sullust ##
## Nute Gunray ## 191 ## 90.0 ## none ## mottled green ## red ## unknown ## male ## Cato Neimoidia ##
## Obi-Wan Kenobi ## 182 ## 77.0 ## auburn, white ## fair ## blue-gray ## 57BBY ## male ## Stewjon ##
## Owen Lars ## 178 ## 120.0 ## brown, grey ## light ## blue ## 52BBY ## male ## Tatooine ##
## Padmé Amidala ## 165 ## 45.0 ## brown ## light ## brown ## 46BBY ## female ## Naboo ##
## Palpatine ## 170 ## 75.0 ## grey ## pale ## yellow ## 82BBY ## male ## Naboo ##
## Plo Koon ## 188 ## 80.0 ## none ## orange ## black ## 22BBY ## male ## Dorin ##
## Poe Dameron ## 0 ## 0.0 ## brown ## light ## brown ## unknown ## male ## unknown ##
## Poggle the Lesser ## 183 ## 80.0 ## none ## green ## yellow ## unknown ## male ## Geonosis ##
## Quarsh Panaka ## 183 ## 0.0 ## black ## dark ## brown ## 62BBY ## male ## Naboo ##
## Qui-Gon Jinn ## 193 ## 89.0 ## brown ## fair ## blue ## 92BBY ## male ## unknown ##
## R2-D2 ## 96 ## 32.0 ## n/a ## white, blue ## red ## 33BBY ## n/a ## Naboo ##
## R4-P17 ## 96 ## 0.0 ## none ## silver, red ## red, blue ## unknown ## female ## unknown ##
## R5-D4 ## 97 ## 32.0 ## n/a ## white, red ## red ## unknown ## n/a ## Tatooine ##
## Ratts Tyerell ## 79 ## 15.0 ## none ## grey, blue ## unknown ## unknown ## male ## Aleen Minor ##
## Raymus Antilles ## 188 ## 79.0 ## brown ## light ## brown ## unknown ## male ## Alderaan ##
## Rey ## 0 ## 0.0 ## brown ## light ## hazel ## unknown ## female ## unknown ##
## Ric Olié ## 183 ## 0.0 ## brown ## fair ## blue ## unknown ## male ## Naboo ##
## Roos Tarpals ## 224 ## 82.0 ## none ## grey ## orange ## unknown ## male ## Naboo ##
## Rugor Nass ## 206 ## 0.0 ## none ## green ## orange ## unknown ## male ## Naboo ##
## Saesee Tiin ## 188 ## 0.0 ## none ## pale ## orange ## unknown ## male ## Iktotch ##
## San Hill ## 191 ## 0.0 ## none ## grey ## gold ## unknown ## male ## Muunilinst ##
## Sebulba ## 112 ## 40.0 ## none ## grey, red ## orange ## unknown ## male ## Malastare ##
## Shaak Ti ## 178 ## 57.0 ## none ## red, blue, white ## black ## unknown ## female ## Shili ##
## Shmi Skywalker ## 163 ## 0.0 ## black ## fair ## brown ## 72BBY ## female ## Tatooine ##
## Sly Moore ## 178 ## 48.0 ## none ## pale ## white ## unknown ## female ## Umbara ##
## Tarfful ## 234 ## 136.0 ## brown ## brown ## blue ## unknown ## male ## Kashyyyk ##
## Taun We ## 213 ## 0.0 ## none ## grey ## black ## unknown ## female ## Kamino ##
## Tion Medon ## 206 ## 80.0 ## none ## grey ## black ## unknown ## male ## Utapau ##
## Wat Tambor ## 193 ## 48.0 ## none ## green, grey ## unknown ## unknown ## male ## Skako ##
## Watto ## 137 ## 0.0 ## black ## blue, grey ## yellow ## unknown ## male ## Toydaria ##
## Wedge Antilles ## 170 ## 77.0 ## brown ## fair ## hazel ## 21BBY ## male ## Corellia ##
## Wicket Systri Warrick ## 88 ## 20.0 ## brown ## brown ## brown ## 8BBY ## male ## Endor ##
## Wilhuff Tarkin ## 180 ## 0.0 ## auburn, grey ## fair ## blue ## 64BBY ## male ## Eriadu ##
## Yarael Poof ## 264 ## 0.0 ## none ## white ## yellow ## unknown ## male ## Quermia ##
## Yoda ## 66 ## 17.0 ## white ## green ## brown ## 896BBY ## male ## unknown ##
## Zam Wesell ## 168 ## 55.0 ## blonde ## fair, green, yellow ## yellow ## unknown ## female ## Zolan ##
